<?xml version="1.0" encoding="UTF-8"?>
<!-- Generated by org.testng.reporters.JUnitReportReporter -->
<testsuite hostname="A_Device" failures="0" tests="4" name="com.restassured.teslaproject.RentalCars" time="8.580" errors="0" timestamp="2023-12-17T21:45:56 PST" skipped="0">
  <testcase classname="com.restassured.teslaproject.RentalCars" name="getdata" time="1.362"/>
  <testcase classname="com.restassured.teslaproject.RentalCars" name="printTeslaBlueColorAndNotes" time="0.779"/>
  <testcase classname="com.restassured.teslaproject.RentalCars" name="carsWithLowestPerDayRent" time="4.721"/>
  <testcase classname="com.restassured.teslaproject.RentalCars" name="returnsCarWithHighestRevenueForFullYear" time="1.718"/>
</testsuite> <!-- com.restassured.teslaproject.RentalCars -->
